# JRE version: Java(TM) SE Runtime Environment (7.0_79-b15) (build 1.7.0_79-b15)
# Java VM: Java HotSpot(TM) 64-Bit Server VM (24.79-b02 mixed mode linux-amd64 compressed oops)
Heap
 par new generation   total 21248K, used 1700K [0x00000000bec00000, 0x00000000c0300000, 0x00000000d2c00000)
  eden space 18944K,   8% used [0x00000000bec00000, 0x00000000beda9348, 0x00000000bfe80000)
  from space 2304K,   0% used [0x00000000c00c0000, 0x00000000c00c0000, 0x00000000c0300000)
  to   space 2304K,   0% used [0x00000000bfe80000, 0x00000000bfe80000, 0x00000000c00c0000)
 concurrent mark-sweep generation total 657408K, used 657407K [0x00000000d2c00000, 0x00000000fae00000, 0x00000000fae00000)
 concurrent-mark-sweep perm gen total 21248K, used 10180K [0x00000000fae00000, 0x00000000fc2c0000, 0x0000000100000000)
GC Heap History (10 events):
Event: 31.304 GC heap after
Heap after GC invocations=110 (full 8):
 par new generation   total 21248K, used 2304K [0x00000000bec00000, 0x00000000c0300000, 0x00000000d2c00000)
  eden space 18944K,   0% used [0x00000000bec00000, 0x00000000bec00000, 0x00000000bfe80000)
  from space 2304K, 100% used [0x00000000c00c0000, 0x00000000c0300000, 0x00000000c0300000)
  to   space 2304K,   0% used [0x00000000bfe80000, 0x00000000bfe80000, 0x00000000c00c0000)
 concurrent mark-sweep generation total 657408K, used 626163K [0x00000000d2c00000, 0x00000000fae00000, 0x00000000fae00000)
 concurrent-mark-sweep perm gen total 21248K, used 9840K [0x00000000fae00000, 0x00000000fc2c0000, 0x0000000100000000)
}
Event: 31.379 GC heap before
{Heap before GC invocations=110 (full 8):
 par new generation   total 21248K, used 21248K [0x00000000bec00000, 0x00000000c0300000, 0x00000000d2c00000)
  eden space 18944K, 100% used [0x00000000bec00000, 0x00000000bfe80000, 0x00000000bfe80000)
  from space 2304K, 100% used [0x00000000c00c0000, 0x00000000c0300000, 0x00000000c0300000)
  to   space 2304K,   0% used [0x00000000bfe80000, 0x00000000bfe80000, 0x00000000c00c0000)
 concurrent mark-sweep generation total 657408K, used 626163K [0x00000000d2c00000, 0x00000000fae00000, 0x00000000fae00000)
 concurrent-mark-sweep perm gen total 21248K, used 9840K [0x00000000fae00000, 0x00000000fc2c0000, 0x0000000100000000)
Event: 32.250 GC heap after
Heap after GC invocations=111 (full 8):
 par new generation   total 21248K, used 2303K [0x00000000bec00000, 0x00000000c0300000, 0x00000000d2c00000)
  eden space 18944K,   0% used [0x00000000bec00000, 0x00000000bec00000, 0x00000000bfe80000)
  from space 2304K,  99% used [0x00000000bfe80000, 0x00000000c00bfd60, 0x00000000c00c0000)
  to   space 2304K,   0% used [0x00000000c00c0000, 0x00000000c00c0000, 0x00000000c0300000)
 concurrent mark-sweep generation total 657408K, used 633609K [0x00000000d2c00000, 0x00000000fae00000, 0x00000000fae00000)
 concurrent-mark-sweep perm gen total 21248K, used 9840K [0x00000000fae00000, 0x00000000fc2c0000, 0x0000000100000000)
}
Event: 32.297 GC heap before
{Heap before GC invocations=111 (full 8):
 par new generation   total 21248K, used 21247K [0x00000000bec00000, 0x00000000c0300000, 0x00000000d2c00000)
  eden space 18944K, 100% used [0x00000000bec00000, 0x00000000bfe80000, 0x00000000bfe80000)
  from space 2304K,  99% used [0x00000000bfe80000, 0x00000000c00bfd60, 0x00000000c00c0000)
  to   space 2304K,   0% used [0x00000000c00c0000, 0x00000000c00c0000, 0x00000000c0300000)
 concurrent mark-sweep generation total 657408K, used 633609K [0x00000000d2c00000, 0x00000000fae00000, 0x00000000fae00000)
 concurrent-mark-sweep perm gen total 21248K, used 9840K [0x00000000fae00000, 0x00000000fc2c0000, 0x0000000100000000)
Event: 32.607 GC heap after
Heap after GC invocations=112 (full 8):
 par new generation   total 21248K, used 2303K [0x00000000bec00000, 0x00000000c0300000, 0x00000000d2c00000)
  eden space 18944K,   0% used [0x00000000bec00000, 0x00000000bec00000, 0x00000000bfe80000)
  from space 2304K,  99% used [0x00000000c00c0000, 0x00000000c02ffd00, 0x00000000c0300000)
  to   space 2304K,   0% used [0x00000000bfe80000, 0x00000000bfe80000, 0x00000000c00c0000)
 concurrent mark-sweep generation total 657408K, used 641057K [0x00000000d2c00000, 0x00000000fae00000, 0x00000000fae00000)
 concurrent-mark-sweep perm gen total 21248K, used 9840K [0x00000000fae00000, 0x00000000fc2c0000, 0x0000000100000000)
}
Event: 32.645 GC heap before
{Heap before GC invocations=112 (full 8):
 par new generation   total 21248K, used 21247K [0x00000000bec00000, 0x00000000c0300000, 0x00000000d2c00000)
  eden space 18944K, 100% used [0x00000000bec00000, 0x00000000bfe80000, 0x00000000bfe80000)
  from space 2304K,  99% used [0x00000000c00c0000, 0x00000000c02ffd00, 0x00000000c0300000)
  to   space 2304K,   0% used [0x00000000bfe80000, 0x00000000bfe80000, 0x00000000c00c0000)
 concurrent mark-sweep generation total 657408K, used 641057K [0x00000000d2c00000, 0x00000000fae00000, 0x00000000fae00000)
 concurrent-mark-sweep perm gen total 21248K, used 9840K [0x00000000fae00000, 0x00000000fc2c0000, 0x0000000100000000)
Event: 34.445 GC heap after
Heap after GC invocations=113 (full 8):
 par new generation   total 21248K, used 2303K [0x00000000bec00000, 0x00000000c0300000, 0x00000000d2c00000)
  eden space 18944K,   0% used [0x00000000bec00000, 0x00000000bec00000, 0x00000000bfe80000)
  from space 2304K,  99% used [0x00000000bfe80000, 0x00000000c00bfca0, 0x00000000c00c0000)
  to   space 2304K,   0% used [0x00000000c00c0000, 0x00000000c00c0000, 0x00000000c0300000)
 concurrent mark-sweep generation total 657408K, used 648503K [0x00000000d2c00000, 0x00000000fae00000, 0x00000000fae00000)
 concurrent-mark-sweep perm gen total 21248K, used 9840K [0x00000000fae00000, 0x00000000fc2c0000, 0x0000000100000000)
}
Event: 38.558 GC heap before
{Heap before GC invocations=113 (full 8):
 par new generation   total 21248K, used 21247K [0x00000000bec00000, 0x00000000c0300000, 0x00000000d2c00000)
  eden space 18944K, 100% used [0x00000000bec00000, 0x00000000bfe80000, 0x00000000bfe80000)
  from space 2304K,  99% used [0x00000000bfe80000, 0x00000000c00bfca0, 0x00000000c00c0000)
  to   space 2304K,   0% used [0x00000000c00c0000, 0x00000000c00c0000, 0x00000000c0300000)
 concurrent mark-sweep generation total 657408K, used 648503K [0x00000000d2c00000, 0x00000000fae00000, 0x00000000fae00000)
 concurrent-mark-sweep perm gen total 21248K, used 10000K [0x00000000fae00000, 0x00000000fc2c0000, 0x0000000100000000)
Event: 38.630 GC heap after
Heap after GC invocations=114 (full 8):
 par new generation   total 21248K, used 2303K [0x00000000bec00000, 0x00000000c0300000, 0x00000000d2c00000)
  eden space 18944K,   0% used [0x00000000bec00000, 0x00000000bec00000, 0x00000000bfe80000)
  from space 2304K,  99% used [0x00000000c00c0000, 0x00000000c02ffc40, 0x00000000c0300000)
  to   space 2304K,   0% used [0x00000000bfe80000, 0x00000000bfe80000, 0x00000000c00c0000)
 concurrent mark-sweep generation total 657408K, used 655777K [0x00000000d2c00000, 0x00000000fae00000, 0x00000000fae00000)
 concurrent-mark-sweep perm gen total 21248K, used 10000K [0x00000000fae00000, 0x00000000fc2c0000, 0x0000000100000000)
}
Event: 39.688 GC heap before
{Heap before GC invocations=114 (full 9):
 par new generation   total 21248K, used 21247K [0x00000000bec00000, 0x00000000c0300000, 0x00000000d2c00000)
  eden space 18944K, 100% used [0x00000000bec00000, 0x00000000bfe80000, 0x00000000bfe80000)
  from space 2304K,  99% used [0x00000000c00c0000, 0x00000000c02ffc40, 0x00000000c0300000)
  to   space 2304K,   0% used [0x00000000bfe80000, 0x00000000bfe80000, 0x00000000c00c0000)
 concurrent mark-sweep generation total 657408K, used 655587K [0x00000000d2c00000, 0x00000000fae00000, 0x00000000fae00000)
 concurrent-mark-sweep perm gen total 21248K, used 10185K [0x00000000fae00000, 0x00000000fc2c0000, 0x0000000100000000)

